<?xml version="1.0" encoding="UTF-8"?>
<!-- Generated by org.testng.reporters.JUnitReportReporter -->
<testsuite skipped="0" hostname="admin1-LIVA-Z2V" name="TestRunners.TestRunnerFacebook" tests="2" failures="0" timestamp="24 Jul 2019 07:44:42 GMT" time="37.764" errors="0">
  <testcase name="runScenario" time="18.095" classname="TestRunners.TestRunnerFacebook"/>
  <testcase name="runScenario" time="19.669" classname="TestRunners.TestRunnerFacebook"/>
</testsuite> <!-- TestRunners.TestRunnerFacebook -->
